{"/Users/divya.bharti/Desktop/Next/next-ui/client/src/App.tsx": {"path":"/Users/divya.bharti/Desktop/Next/next-ui/client/src/App.tsx","statementMap":{"0":{"start":{"line":20,"column":22},"end":{"line":20,"column":67}},"1":{"start":{"line":20,"column":33},"end":{"line":20,"column":66}},"2":{"start":{"line":22,"column":16},"end":{"line":24,"column":1}},"3":{"start":{"line":25,"column":14},"end":{"line":31,"column":1}},"4":{"start":{"line":32,"column":13},"end":{"line":34,"column":1}},"5":{"start":{"line":35,"column":15},"end":{"line":35,"column":30}},"6":{"start":{"line":37,"column":24},"end":{"line":41,"column":1}},"7":{"start":{"line":38,"column":2},"end":{"line":40,"column":3}},"8":{"start":{"line":43,"column":27},"end":{"line":49,"column":1}},"9":{"start":{"line":44,"column":2},"end":{"line":48,"column":3}},"10":{"start":{"line":45,"column":28},"end":{"line":45,"column":56}},"11":{"start":{"line":46,"column":49},"end":{"line":46,"column":97}},"12":{"start":{"line":47,"column":21},"end":{"line":47,"column":42}},"13":{"start":{"line":52,"column":62},"end":{"line":52,"column":67}},"14":{"start":{"line":53,"column":31},"end":{"line":53,"column":47}},"15":{"start":{"line":55,"column":28},"end":{"line":55,"column":48}},"16":{"start":{"line":56,"column":36},"end":{"line":56,"column":60}},"17":{"start":{"line":57,"column":32},"end":{"line":57,"column":51}},"18":{"start":{"line":59,"column":23},"end":{"line":59,"column":35}},"19":{"start":{"line":61,"column":18},"end":{"line":65,"column":3}},"20":{"start":{"line":67,"column":2},"end":{"line":77,"column":29}},"21":{"start":{"line":68,"column":21},"end":{"line":68,"column":70}},"22":{"start":{"line":69,"column":4},"end":{"line":71,"column":5}},"23":{"start":{"line":70,"column":6},"end":{"line":70,"column":45}},"24":{"start":{"line":72,"column":4},"end":{"line":76,"column":5}},"25":{"start":{"line":73,"column":6},"end":{"line":75,"column":7}},"26":{"start":{"line":74,"column":8},"end":{"line":74,"column":49}},"27":{"start":{"line":79,"column":25},"end":{"line":82,"column":3}},"28":{"start":{"line":80,"column":20},"end":{"line":80,"column":27}},"29":{"start":{"line":81,"column":4},"end":{"line":81,"column":39}},"30":{"start":{"line":84,"column":2},"end":{"line":86,"column":17}},"31":{"start":{"line":85,"column":4},"end":{"line":85,"column":27}},"32":{"start":{"line":88,"column":2},"end":{"line":90,"column":16}},"33":{"start":{"line":89,"column":4},"end":{"line":89,"column":59}},"34":{"start":{"line":92,"column":2},"end":{"line":98,"column":13}},"35":{"start":{"line":93,"column":4},"end":{"line":97,"column":5}},"36":{"start":{"line":94,"column":6},"end":{"line":94,"column":23}},"37":{"start":{"line":96,"column":6},"end":{"line":96,"column":18}},"38":{"start":{"line":100,"column":23},"end":{"line":102,"column":3}},"39":{"start":{"line":101,"column":4},"end":{"line":101,"column":34}},"40":{"start":{"line":104,"column":23},"end":{"line":106,"column":3}},"41":{"start":{"line":105,"column":4},"end":{"line":105,"column":33}},"42":{"start":{"line":108,"column":33},"end":{"line":110,"column":8}},"43":{"start":{"line":109,"column":4},"end":{"line":109,"column":39}},"44":{"start":{"line":112,"column":2},"end":{"line":136,"column":4}},"45":{"start":{"line":119,"column":8},"end":{"line":119,"column":27}},"46":{"start":{"line":120,"column":8},"end":{"line":120,"column":23}}},"fnMap":{"0":{"name":"(anonymous_0)","decl":{"start":{"line":20,"column":27},"end":{"line":20,"column":28}},"loc":{"start":{"line":20,"column":33},"end":{"line":20,"column":66}},"line":20},"1":{"name":"(anonymous_1)","decl":{"start":{"line":37,"column":24},"end":{"line":37,"column":25}},"loc":{"start":{"line":37,"column":47},"end":{"line":41,"column":1}},"line":37},"2":{"name":"(anonymous_2)","decl":{"start":{"line":43,"column":27},"end":{"line":43,"column":28}},"loc":{"start":{"line":43,"column":104},"end":{"line":49,"column":1}},"line":43},"3":{"name":"(anonymous_3)","decl":{"start":{"line":45,"column":13},"end":{"line":45,"column":14}},"loc":{"start":{"line":45,"column":28},"end":{"line":45,"column":56}},"line":45},"4":{"name":"(anonymous_4)","decl":{"start":{"line":46,"column":22},"end":{"line":46,"column":23}},"loc":{"start":{"line":46,"column":49},"end":{"line":46,"column":97}},"line":46},"5":{"name":"(anonymous_5)","decl":{"start":{"line":47,"column":15},"end":{"line":47,"column":16}},"loc":{"start":{"line":47,"column":21},"end":{"line":47,"column":42}},"line":47},"6":{"name":"App","decl":{"start":{"line":51,"column":9},"end":{"line":51,"column":12}},"loc":{"start":{"line":51,"column":40},"end":{"line":137,"column":1}},"line":51},"7":{"name":"(anonymous_7)","decl":{"start":{"line":67,"column":12},"end":{"line":67,"column":13}},"loc":{"start":{"line":67,"column":18},"end":{"line":77,"column":3}},"line":67},"8":{"name":"(anonymous_8)","decl":{"start":{"line":72,"column":11},"end":{"line":72,"column":12}},"loc":{"start":{"line":72,"column":17},"end":{"line":76,"column":5}},"line":72},"9":{"name":"(anonymous_9)","decl":{"start":{"line":79,"column":25},"end":{"line":79,"column":26}},"loc":{"start":{"line":79,"column":38},"end":{"line":82,"column":3}},"line":79},"10":{"name":"(anonymous_10)","decl":{"start":{"line":84,"column":12},"end":{"line":84,"column":13}},"loc":{"start":{"line":84,"column":18},"end":{"line":86,"column":3}},"line":84},"11":{"name":"(anonymous_11)","decl":{"start":{"line":88,"column":12},"end":{"line":88,"column":13}},"loc":{"start":{"line":88,"column":18},"end":{"line":90,"column":3}},"line":88},"12":{"name":"(anonymous_12)","decl":{"start":{"line":92,"column":12},"end":{"line":92,"column":13}},"loc":{"start":{"line":92,"column":18},"end":{"line":98,"column":3}},"line":92},"13":{"name":"(anonymous_13)","decl":{"start":{"line":100,"column":23},"end":{"line":100,"column":24}},"loc":{"start":{"line":100,"column":29},"end":{"line":102,"column":3}},"line":100},"14":{"name":"(anonymous_14)","decl":{"start":{"line":104,"column":23},"end":{"line":104,"column":24}},"loc":{"start":{"line":104,"column":51},"end":{"line":106,"column":3}},"line":104},"15":{"name":"(anonymous_15)","decl":{"start":{"line":108,"column":41},"end":{"line":108,"column":42}},"loc":{"start":{"line":108,"column":47},"end":{"line":110,"column":3}},"line":108},"16":{"name":"(anonymous_16)","decl":{"start":{"line":118,"column":18},"end":{"line":118,"column":19}},"loc":{"start":{"line":118,"column":23},"end":{"line":121,"column":7}},"line":118}},"branchMap":{"0":{"loc":{"start":{"line":53,"column":31},"end":{"line":53,"column":47}},"type":"binary-expr","locations":[{"start":{"line":53,"column":31},"end":{"line":53,"column":41}},{"start":{"line":53,"column":45},"end":{"line":53,"column":47}}],"line":53},"1":{"loc":{"start":{"line":69,"column":4},"end":{"line":71,"column":5}},"type":"if","locations":[{"start":{"line":69,"column":4},"end":{"line":71,"column":5}},{"start":{"line":69,"column":4},"end":{"line":71,"column":5}}],"line":69},"2":{"loc":{"start":{"line":73,"column":6},"end":{"line":75,"column":7}},"type":"if","locations":[{"start":{"line":73,"column":6},"end":{"line":75,"column":7}},{"start":{"line":73,"column":6},"end":{"line":75,"column":7}}],"line":73},"3":{"loc":{"start":{"line":89,"column":4},"end":{"line":89,"column":58}},"type":"binary-expr","locations":[{"start":{"line":89,"column":4},"end":{"line":89,"column":16}},{"start":{"line":89,"column":20},"end":{"line":89,"column":58}}],"line":89},"4":{"loc":{"start":{"line":93,"column":4},"end":{"line":97,"column":5}},"type":"if","locations":[{"start":{"line":93,"column":4},"end":{"line":97,"column":5}},{"start":{"line":93,"column":4},"end":{"line":97,"column":5}}],"line":93}},"s":{"0":1,"1":0,"2":1,"3":1,"4":1,"5":1,"6":1,"7":0,"8":1,"9":0,"10":0,"11":0,"12":0,"13":0,"14":0,"15":0,"16":0,"17":0,"18":0,"19":0,"20":0,"21":0,"22":0,"23":0,"24":0,"25":0,"26":0,"27":0,"28":0,"29":0,"30":0,"31":0,"32":0,"33":0,"34":0,"35":0,"36":0,"37":0,"38":0,"39":0,"40":0,"41":0,"42":0,"43":0,"44":0,"45":0,"46":0},"f":{"0":0,"1":0,"2":0,"3":0,"4":0,"5":0,"6":0,"7":0,"8":0,"9":0,"10":0,"11":0,"12":0,"13":0,"14":0,"15":0,"16":0},"b":{"0":[0,0],"1":[0,0],"2":[0,0],"3":[0,0],"4":[0,0]},"_coverageSchema":"1a1c01bbd47fc00a2c39e90264f33305004495a9","hash":"a59576921a81b41e407811f8b61e8d28e00d3297"}
,"/Users/divya.bharti/Desktop/Next/next-ui/client/src/Constants.tsx": {"path":"/Users/divya.bharti/Desktop/Next/next-ui/client/src/Constants.tsx","statementMap":{"0":{"start":{"line":1,"column":41},"end":{"line":1,"column":66}},"1":{"start":{"line":2,"column":27},"end":{"line":2,"column":39}},"2":{"start":{"line":3,"column":31},"end":{"line":3,"column":126}},"3":{"start":{"line":4,"column":22},"end":{"line":4,"column":30}},"4":{"start":{"line":5,"column":21},"end":{"line":5,"column":28}},"5":{"start":{"line":6,"column":20},"end":{"line":6,"column":26}}},"fnMap":{},"branchMap":{},"s":{"0":1,"1":1,"2":1,"3":1,"4":1,"5":1},"f":{},"b":{},"_coverageSchema":"1a1c01bbd47fc00a2c39e90264f33305004495a9","hash":"ac05c11ada414ff3d2be19a359fdbf2e047a25d4"}
,"/Users/divya.bharti/Desktop/Next/next-ui/client/src/index.tsx": {"path":"/Users/divya.bharti/Desktop/Next/next-ui/client/src/index.tsx","statementMap":{"0":{"start":{"line":9,"column":0},"end":{"line":16,"column":2}},"1":{"start":{"line":21,"column":0},"end":{"line":21,"column":18}}},"fnMap":{},"branchMap":{},"s":{"0":0,"1":0},"f":{},"b":{}}
,"/Users/divya.bharti/Desktop/Next/next-ui/client/src/interfaces.tsx": {"path":"/Users/divya.bharti/Desktop/Next/next-ui/client/src/interfaces.tsx","statementMap":{},"fnMap":{},"branchMap":{},"s":{},"f":{},"b":{}}
,"/Users/divya.bharti/Desktop/Next/next-ui/client/src/store.js": {"path":"/Users/divya.bharti/Desktop/Next/next-ui/client/src/store.js","statementMap":{"0":{"start":{"line":6,"column":1},"end":{"line":9,"column":3}}},"fnMap":{"0":{"name":"configureStore","decl":{"start":{"line":5,"column":24},"end":{"line":5,"column":38}},"loc":{"start":{"line":5,"column":56},"end":{"line":10,"column":1}},"line":5}},"branchMap":{"0":{"loc":{"start":{"line":5,"column":39},"end":{"line":5,"column":54}},"type":"default-arg","locations":[{"start":{"line":5,"column":52},"end":{"line":5,"column":54}}],"line":5}},"s":{"0":0},"f":{"0":0},"b":{"0":[0]}}
,"/Users/divya.bharti/Desktop/Next/next-ui/client/src/testData.js": {"path":"/Users/divya.bharti/Desktop/Next/next-ui/client/src/testData.js","statementMap":{"0":{"start":{"line":1,"column":28},"end":{"line":4,"column":1}},"1":{"start":{"line":6,"column":34},"end":{"line":12,"column":1}},"2":{"start":{"line":14,"column":28},"end":{"line":17,"column":1}},"3":{"start":{"line":19,"column":38},"end":{"line":25,"column":1}}},"fnMap":{},"branchMap":{},"s":{"0":3,"1":3,"2":3,"3":3},"f":{},"b":{},"_coverageSchema":"1a1c01bbd47fc00a2c39e90264f33305004495a9","hash":"7946fd0404fd66dfeb7c8b52929cbbf2fd85dc26"}
,"/Users/divya.bharti/Desktop/Next/next-ui/client/src/utils.js": {"path":"/Users/divya.bharti/Desktop/Next/next-ui/client/src/utils.js","statementMap":{"0":{"start":{"line":1,"column":24},"end":{"line":7,"column":3}},"1":{"start":{"line":3,"column":4},"end":{"line":6,"column":6}},"2":{"start":{"line":4,"column":6},"end":{"line":4,"column":26}},"3":{"start":{"line":5,"column":6},"end":{"line":5,"column":69}},"4":{"start":{"line":5,"column":33},"end":{"line":5,"column":56}}},"fnMap":{"0":{"name":"(anonymous_0)","decl":{"start":{"line":1,"column":24},"end":{"line":1,"column":25}},"loc":{"start":{"line":1,"column":49},"end":{"line":7,"column":3}},"line":1},"1":{"name":"(anonymous_1)","decl":{"start":{"line":3,"column":11},"end":{"line":3,"column":12}},"loc":{"start":{"line":3,"column":24},"end":{"line":6,"column":5}},"line":3},"2":{"name":"(anonymous_2)","decl":{"start":{"line":5,"column":25},"end":{"line":5,"column":26}},"loc":{"start":{"line":5,"column":31},"end":{"line":5,"column":58}},"line":5}},"branchMap":{"0":{"loc":{"start":{"line":1,"column":31},"end":{"line":1,"column":44}},"type":"default-arg","locations":[{"start":{"line":1,"column":41},"end":{"line":1,"column":44}}],"line":1}},"s":{"0":1,"1":0,"2":0,"3":0,"4":0},"f":{"0":0,"1":0,"2":0},"b":{"0":[0]},"_coverageSchema":"1a1c01bbd47fc00a2c39e90264f33305004495a9","hash":"34074ed6209461dca6c58362478d54d16a3fb1f6"}
,"/Users/divya.bharti/Desktop/Next/next-ui/client/src/Components/SearchForm.tsx": {"path":"/Users/divya.bharti/Desktop/Next/next-ui/client/src/Components/SearchForm.tsx","statementMap":{"0":{"start":{"line":15,"column":19},"end":{"line":54,"column":1}},"1":{"start":{"line":16,"column":42},"end":{"line":16,"column":47}},"2":{"start":{"line":18,"column":29},"end":{"line":29,"column":7}},"3":{"start":{"line":19,"column":8},"end":{"line":28,"column":9}},"4":{"start":{"line":20,"column":10},"end":{"line":27,"column":11}},"5":{"start":{"line":31,"column":25},"end":{"line":37,"column":7}},"6":{"start":{"line":32,"column":10},"end":{"line":36,"column":14}},"7":{"start":{"line":39,"column":4},"end":{"line":53,"column":6}}},"fnMap":{"0":{"name":"(anonymous_0)","decl":{"start":{"line":15,"column":19},"end":{"line":15,"column":20}},"loc":{"start":{"line":15,"column":60},"end":{"line":54,"column":1}},"line":15},"1":{"name":"(anonymous_1)","decl":{"start":{"line":18,"column":29},"end":{"line":18,"column":30}},"loc":{"start":{"line":18,"column":54},"end":{"line":29,"column":7}},"line":18},"2":{"name":"(anonymous_2)","decl":{"start":{"line":31,"column":35},"end":{"line":31,"column":36}},"loc":{"start":{"line":32,"column":10},"end":{"line":36,"column":14}},"line":32}},"branchMap":{"0":{"loc":{"start":{"line":19,"column":8},"end":{"line":28,"column":9}},"type":"if","locations":[{"start":{"line":19,"column":8},"end":{"line":28,"column":9}},{"start":{"line":19,"column":8},"end":{"line":28,"column":9}}],"line":19},"1":{"loc":{"start":{"line":42,"column":18},"end":{"line":50,"column":80}},"type":"cond-expr","locations":[{"start":{"line":43,"column":16},"end":{"line":48,"column":19}},{"start":{"line":50,"column":16},"end":{"line":50,"column":80}}],"line":42},"2":{"loc":{"start":{"line":50,"column":22},"end":{"line":50,"column":73}},"type":"cond-expr","locations":[{"start":{"line":50,"column":38},"end":{"line":50,"column":55}},{"start":{"line":50,"column":58},"end":{"line":50,"column":73}}],"line":50}},"s":{"0":0,"1":0,"2":0,"3":0,"4":0,"5":0,"6":0,"7":0},"f":{"0":0,"1":0,"2":0},"b":{"0":[0,0],"1":[0,0],"2":[0,0]}}
,"/Users/divya.bharti/Desktop/Next/next-ui/client/src/actions/actionConstant.js": {"path":"/Users/divya.bharti/Desktop/Next/next-ui/client/src/actions/actionConstant.js","statementMap":{"0":{"start":{"line":1,"column":24},"end":{"line":1,"column":34}},"1":{"start":{"line":2,"column":31},"end":{"line":2,"column":48}},"2":{"start":{"line":3,"column":34},"end":{"line":3,"column":54}},"3":{"start":{"line":4,"column":26},"end":{"line":4,"column":38}}},"fnMap":{},"branchMap":{},"s":{"0":3,"1":3,"2":3,"3":3},"f":{},"b":{},"_coverageSchema":"1a1c01bbd47fc00a2c39e90264f33305004495a9","hash":"fc2e7cc779a885ba97411c6eb082e6239818c609"}
,"/Users/divya.bharti/Desktop/Next/next-ui/client/src/actions/apiCall.js": {"path":"/Users/divya.bharti/Desktop/Next/next-ui/client/src/actions/apiCall.js","statementMap":{"0":{"start":{"line":9,"column":2},"end":{"line":12,"column":3}},"1":{"start":{"line":16,"column":2},"end":{"line":19,"column":3}},"2":{"start":{"line":23,"column":2},"end":{"line":25,"column":3}},"3":{"start":{"line":29,"column":2},"end":{"line":31,"column":3}},"4":{"start":{"line":35,"column":22},"end":{"line":46,"column":6}},"5":{"start":{"line":47,"column":20},"end":{"line":47,"column":41}},"6":{"start":{"line":48,"column":4},"end":{"line":48,"column":19}},"7":{"start":{"line":52,"column":2},"end":{"line":61,"column":3}},"8":{"start":{"line":53,"column":4},"end":{"line":60,"column":5}},"9":{"start":{"line":54,"column":6},"end":{"line":56,"column":9}},"10":{"start":{"line":55,"column":8},"end":{"line":55,"column":45}},"11":{"start":{"line":59,"column":6},"end":{"line":59,"column":28}},"12":{"start":{"line":65,"column":2},"end":{"line":74,"column":3}},"13":{"start":{"line":66,"column":4},"end":{"line":73,"column":5}},"14":{"start":{"line":67,"column":6},"end":{"line":69,"column":9}},"15":{"start":{"line":68,"column":8},"end":{"line":68,"column":49}},"16":{"start":{"line":72,"column":6},"end":{"line":72,"column":28}},"17":{"start":{"line":78,"column":2},"end":{"line":80,"column":3}},"18":{"start":{"line":79,"column":4},"end":{"line":79,"column":33}}},"fnMap":{"0":{"name":"fetchPostsSuccess","decl":{"start":{"line":8,"column":16},"end":{"line":8,"column":33}},"loc":{"start":{"line":8,"column":43},"end":{"line":13,"column":1}},"line":8},"1":{"name":"fetchMorePostsSuccess","decl":{"start":{"line":15,"column":16},"end":{"line":15,"column":37}},"loc":{"start":{"line":15,"column":47},"end":{"line":20,"column":1}},"line":15},"2":{"name":"clearPosts","decl":{"start":{"line":22,"column":16},"end":{"line":22,"column":26}},"loc":{"start":{"line":22,"column":29},"end":{"line":26,"column":1}},"line":22},"3":{"name":"onError","decl":{"start":{"line":28,"column":16},"end":{"line":28,"column":23}},"loc":{"start":{"line":28,"column":26},"end":{"line":32,"column":1}},"line":28},"4":{"name":"fetchResults","decl":{"start":{"line":34,"column":15},"end":{"line":34,"column":27}},"loc":{"start":{"line":34,"column":51},"end":{"line":49,"column":1}},"line":34},"5":{"name":"getData","decl":{"start":{"line":51,"column":16},"end":{"line":51,"column":23}},"loc":{"start":{"line":51,"column":35},"end":{"line":62,"column":1}},"line":51},"6":{"name":"(anonymous_6)","decl":{"start":{"line":52,"column":9},"end":{"line":52,"column":10}},"loc":{"start":{"line":52,"column":23},"end":{"line":61,"column":3}},"line":52},"7":{"name":"(anonymous_7)","decl":{"start":{"line":54,"column":42},"end":{"line":54,"column":43}},"loc":{"start":{"line":54,"column":56},"end":{"line":56,"column":7}},"line":54},"8":{"name":"getNextPageData","decl":{"start":{"line":64,"column":16},"end":{"line":64,"column":31}},"loc":{"start":{"line":64,"column":55},"end":{"line":75,"column":1}},"line":64},"9":{"name":"(anonymous_9)","decl":{"start":{"line":65,"column":9},"end":{"line":65,"column":10}},"loc":{"start":{"line":65,"column":23},"end":{"line":74,"column":3}},"line":65},"10":{"name":"(anonymous_10)","decl":{"start":{"line":67,"column":54},"end":{"line":67,"column":55}},"loc":{"start":{"line":67,"column":68},"end":{"line":69,"column":7}},"line":67},"11":{"name":"clearData","decl":{"start":{"line":77,"column":16},"end":{"line":77,"column":25}},"loc":{"start":{"line":77,"column":28},"end":{"line":81,"column":1}},"line":77},"12":{"name":"(anonymous_12)","decl":{"start":{"line":78,"column":9},"end":{"line":78,"column":10}},"loc":{"start":{"line":78,"column":21},"end":{"line":80,"column":3}},"line":78}},"branchMap":{},"s":{"0":0,"1":0,"2":0,"3":0,"4":0,"5":0,"6":0,"7":0,"8":0,"9":0,"10":0,"11":0,"12":0,"13":0,"14":0,"15":0,"16":0,"17":0,"18":0},"f":{"0":0,"1":0,"2":0,"3":0,"4":0,"5":0,"6":0,"7":0,"8":0,"9":0,"10":0,"11":0,"12":0},"b":{},"_coverageSchema":"1a1c01bbd47fc00a2c39e90264f33305004495a9","hash":"3a147614a44a461222065d5727c897e2c5f5e6a3"}
,"/Users/divya.bharti/Desktop/Next/next-ui/client/src/reducers/rootReducer.js": {"path":"/Users/divya.bharti/Desktop/Next/next-ui/client/src/reducers/rootReducer.js","statementMap":{},"fnMap":{},"branchMap":{},"s":{},"f":{},"b":{}}
,"/Users/divya.bharti/Desktop/Next/next-ui/client/src/reducers/searchReducer.js": {"path":"/Users/divya.bharti/Desktop/Next/next-ui/client/src/reducers/searchReducer.js","statementMap":{"0":{"start":{"line":7,"column":22},"end":{"line":13,"column":1}},"1":{"start":{"line":16,"column":4},"end":{"line":35,"column":5}},"2":{"start":{"line":18,"column":6},"end":{"line":22,"column":7}},"3":{"start":{"line":24,"column":8},"end":{"line":28,"column":9}},"4":{"start":{"line":30,"column":8},"end":{"line":32,"column":9}},"5":{"start":{"line":34,"column":6},"end":{"line":34,"column":18}}},"fnMap":{"0":{"name":"(anonymous_0)","decl":{"start":{"line":15,"column":15},"end":{"line":15,"column":16}},"loc":{"start":{"line":15,"column":61},"end":{"line":36,"column":1}},"line":15}},"branchMap":{"0":{"loc":{"start":{"line":15,"column":16},"end":{"line":15,"column":37}},"type":"default-arg","locations":[{"start":{"line":15,"column":24},"end":{"line":15,"column":37}}],"line":15},"1":{"loc":{"start":{"line":16,"column":4},"end":{"line":35,"column":5}},"type":"switch","locations":[{"start":{"line":17,"column":5},"end":{"line":22,"column":7}},{"start":{"line":23,"column":6},"end":{"line":28,"column":9}},{"start":{"line":29,"column":6},"end":{"line":32,"column":9}},{"start":{"line":33,"column":5},"end":{"line":34,"column":18}}],"line":16}},"s":{"0":1,"1":3,"2":1,"3":1,"4":0,"5":1},"f":{"0":3},"b":{"0":[1],"1":[1,1,0,1]},"_coverageSchema":"1a1c01bbd47fc00a2c39e90264f33305004495a9","hash":"50f1fc820d8f046a802ceea2d4a46290e5ade473"}
}
